c:\users\aahebert\documents\github\cx\stdlib\win32\stdio\debug\stdio.pch
c:\users\aahebert\documents\github\cx\stdlib\win32\stdio\debug\vc120.pdb
c:\users\aahebert\documents\github\cx\stdlib\win32\stdio\debug\vc120.idb
c:\users\aahebert\documents\github\cx\stdlib\win32\stdio\debug\stdafx.obj
c:\users\aahebert\documents\github\cx\stdlib\win32\stdio\debug\buffer.obj
c:\users\aahebert\documents\github\cx\stdlib\win32\stdio\debug\common.obj
c:\users\aahebert\documents\github\cx\stdlib\win32\stdio\debug\std_members.obj
c:\users\aahebert\documents\github\cx\stdlib\win32\stdio\debug\error.obj
c:\users\aahebert\documents\github\cx\stdlib\win32\stdio\debug\symtable.obj
c:\users\aahebert\documents\github\cx\stdlib\win32\stdio\debug\types.obj
c:\users\aahebert\documents\github\cx\stdlib\win32\stdio\debug\stdio.obj
c:\users\aahebert\documents\github\cx\stdlib\win32\stdio\debug\dllmain.obj
c:\users\aahebert\documents\github\cx\stdlib\stdio.ilk
c:\users\aahebert\documents\github\cx\stdlib\stdio.dll
c:\users\aahebert\documents\github\cx\stdlib\stdio.pdb
c:\users\aahebert\documents\github\cx\stdlib\stdio.lib
c:\users\aahebert\documents\github\cx\stdlib\stdio.exp
c:\users\aahebert\documents\github\cx\stdlib\win32\stdio\..\..\stdio.dll
c:\users\aahebert\documents\github\cx\stdlib\win32\stdio\debug\stdio.tlog\cl.command.1.tlog
c:\users\aahebert\documents\github\cx\stdlib\win32\stdio\debug\stdio.tlog\cl.read.1.tlog
c:\users\aahebert\documents\github\cx\stdlib\win32\stdio\debug\stdio.tlog\cl.write.1.tlog
c:\users\aahebert\documents\github\cx\stdlib\win32\stdio\debug\stdio.tlog\link.command.1.tlog
c:\users\aahebert\documents\github\cx\stdlib\win32\stdio\debug\stdio.tlog\link.read.1.tlog
c:\users\aahebert\documents\github\cx\stdlib\win32\stdio\debug\stdio.tlog\link.write.1.tlog
c:\users\aahebert\documents\github\cx\stdlib\win32\stdio\debug\stdio.tlog\metagen.read.1.tlog
c:\users\aahebert\documents\github\cx\stdlib\win32\stdio\debug\stdio.tlog\metagen.write.1.tlog
c:\users\aahebert\documents\github\cx\stdlib\win32\stdio\debug\stdio.tlog\stdio.write.1u.tlog
c:\users\aahebert\documents\github\cx\stdlib\win32\stdio\debug\stdio.tlog\tzres.dll.bi
